<?xml version="1.0" encoding="UTF-8"?>
<testsuites>
  <testsuite name="fastlane.lanes">
    
    
    
      
      <testcase classname="fastlane.lanes" name="0: default_platform" time="0.001426">
        
      </testcase>
    
      
      <testcase classname="fastlane.lanes" name="1: clean assembleRelease" time="6.875392">
        
          <failure message="/usr/local/Cellar/fastlane/2.213.0/libexec/gems/fastlane-2.213.0/fastlane/lib/fastlane/actions/actions_helper.rb:67:in `execute_action&apos;&#10;/usr/local/Cellar/fastlane/2.213.0/libexec/gems/fastlane-2.213.0/fastlane/lib/fastlane/runner.rb:255:in `block in execute_action&apos;&#10;/usr/local/Cellar/fastlane/2.213.0/libexec/gems/fastlane-2.213.0/fastlane/lib/fastlane/runner.rb:229:in `chdir&apos;&#10;/usr/local/Cellar/fastlane/2.213.0/libexec/gems/fastlane-2.213.0/fastlane/lib/fastlane/runner.rb:229:in `execute_action&apos;&#10;/usr/local/Cellar/fastlane/2.213.0/libexec/gems/fastlane-2.213.0/fastlane/lib/fastlane/runner.rb:157:in `trigger_action_by_name&apos;&#10;/usr/local/Cellar/fastlane/2.213.0/libexec/gems/fastlane-2.213.0/fastlane/lib/fastlane/fast_file.rb:159:in `method_missing&apos;&#10;Fastfile:35:in `block (2 levels) in parsing_binding&apos;&#10;/usr/local/Cellar/fastlane/2.213.0/libexec/gems/fastlane-2.213.0/fastlane/lib/fastlane/lane.rb:33:in `call&apos;&#10;/usr/local/Cellar/fastlane/2.213.0/libexec/gems/fastlane-2.213.0/fastlane/lib/fastlane/runner.rb:49:in `block in execute&apos;&#10;/usr/local/Cellar/fastlane/2.213.0/libexec/gems/fastlane-2.213.0/fastlane/lib/fastlane/runner.rb:45:in `chdir&apos;&#10;/usr/local/Cellar/fastlane/2.213.0/libexec/gems/fastlane-2.213.0/fastlane/lib/fastlane/runner.rb:45:in `execute&apos;&#10;/usr/local/Cellar/fastlane/2.213.0/libexec/gems/fastlane-2.213.0/fastlane/lib/fastlane/lane_manager.rb:47:in `cruise_lane&apos;&#10;/usr/local/Cellar/fastlane/2.213.0/libexec/gems/fastlane-2.213.0/fastlane/lib/fastlane/command_line_handler.rb:36:in `handle&apos;&#10;/usr/local/Cellar/fastlane/2.213.0/libexec/gems/fastlane-2.213.0/fastlane/lib/fastlane/commands_generator.rb:110:in `block (2 levels) in run&apos;&#10;/usr/local/Cellar/fastlane/2.213.0/libexec/gems/commander-4.6.0/lib/commander/command.rb:187:in `call&apos;&#10;/usr/local/Cellar/fastlane/2.213.0/libexec/gems/commander-4.6.0/lib/commander/command.rb:157:in `run&apos;&#10;/usr/local/Cellar/fastlane/2.213.0/libexec/gems/commander-4.6.0/lib/commander/runner.rb:444:in `run_active_command&apos;&#10;/usr/local/Cellar/fastlane/2.213.0/libexec/gems/fastlane-2.213.0/fastlane_core/lib/fastlane_core/ui/fastlane_runner.rb:124:in `run!&apos;&#10;/usr/local/Cellar/fastlane/2.213.0/libexec/gems/commander-4.6.0/lib/commander/delegates.rb:18:in `run!&apos;&#10;/usr/local/Cellar/fastlane/2.213.0/libexec/gems/fastlane-2.213.0/fastlane/lib/fastlane/commands_generator.rb:354:in `run&apos;&#10;/usr/local/Cellar/fastlane/2.213.0/libexec/gems/fastlane-2.213.0/fastlane/lib/fastlane/commands_generator.rb:43:in `start&apos;&#10;/usr/local/Cellar/fastlane/2.213.0/libexec/gems/fastlane-2.213.0/fastlane/lib/fastlane/cli_tools_distributor.rb:123:in `take_off&apos;&#10;/usr/local/Cellar/fastlane/2.213.0/libexec/gems/fastlane-2.213.0/bin/fastlane:23:in `&lt;top (required)&gt;&apos;&#10;/usr/local/Cellar/fastlane/2.213.0/libexec/bin/fastlane:25:in `load&apos;&#10;/usr/local/Cellar/fastlane/2.213.0/libexec/bin/fastlane:25:in `&lt;main&gt;&apos;&#10;&#10;Exit status of command &apos;/Users/munirubawa/development/mooweapp/android/gradlew clean assembleRelease -p .&apos; was 1 instead of 0.&#10;&#10;Welcome to Gradle 7.6!&#10;&#10;Here are the highlights of this release:&#10; - Added support for Java 19.&#10; - Introduced `--rerun` flag for individual task rerun.&#10; - Improved dependency block for test suites to be strongly typed.&#10; - Added a pluggable system for Java toolchains provisioning.&#10;&#10;For more details see https://docs.gradle.org/7.6/release-notes.html&#10;&#10;Starting a Gradle Daemon (subsequent builds will be faster)&#10;&#10;FAILURE: Build failed with an exception.&#10;&#10;* What went wrong:&#10;Could not open settings generic class cache for settings file &apos;/Users/munirubawa/development/mooweapp/android/settings.gradle&apos; (/Users/munirubawa/.gradle/caches/7.6/scripts/181f8ztwffnirbvka8qh2s66o).&#10;&gt; BUG! exception in phase &apos;semantic analysis&apos; in source unit &apos;_BuildScript_&apos; Unsupported class file major version 64&#10;&#10;* Try:&#10;&gt; Run with --stacktrace option to get the stack trace.&#10;&gt; Run with --info or --debug option to get more log output.&#10;&gt; Run with --scan to get full insights.&#10;&#10;* Get more help at https://help.gradle.org&#10;&#10;BUILD FAILED in 5s&#10;" />
        
      </testcase>
    
  </testsuite>
</testsuites>
